{
  "stats": {
    "suites": 2,
    "tests": 25,
    "passes": 25,
    "pending": 0,
    "failures": 0,
    "start": "2026-06-17T02:19:03.735Z",
    "end": "2026-06-17T02:19:06.870Z",
    "duration": 3135,
    "testsRegistered": 25,
    "passPercent": 100,
    "pendingPercent": 0,
    "other": 0,
    "hasOther": false,
    "skipped": 0,
    "hasSkipped": false
  },
  "results": [
    {
      "uuid": "5c3eb43f-7111-4e18-8e39-15ec84454c1d",
      "title": "",
      "fullFile": "",
      "file": "",
      "beforeHooks": [],
      "afterHooks": [],
      "tests": [],
      "suites": [
        {
          "uuid": "9c2e9a58-e0ac-4476-bf10-49c576c4bbac",
          "title": "Auth API - /api/v1/auth",
          "fullFile": "C:\\Projetos\\kpop-events-finder-api\\test\\integration\\auth.test.js",
          "file": "\\test\\integration\\auth.test.js",
          "beforeHooks": [
            {
              "title": "\"before all\" hook in \"Auth API - /api/v1/auth\"",
              "fullTitle": "Auth API - /api/v1/auth \"before all\" hook in \"Auth API - /api/v1/auth\"",
              "timedOut": false,
              "duration": 820,
              "state": null,
              "speed": null,
              "pass": false,
              "fail": false,
              "pending": false,
              "context": null,
              "code": "if (mongoose.connection.readyState === 0) {\n  await mongoose.connect(process.env.MONGODB_URI_TEST || process.env.MONGODB_URI);\n}\nawait User.deleteMany({});",
              "err": {},
              "uuid": "78df65c3-1b88-428f-a8d6-7f88e5ba1ff1",
              "parentUUID": "9c2e9a58-e0ac-4476-bf10-49c576c4bbac",
              "isHook": true,
              "skipped": false
            }
          ],
          "afterHooks": [
            {
              "title": "\"after all\" hook in \"Auth API - /api/v1/auth\"",
              "fullTitle": "Auth API - /api/v1/auth \"after all\" hook in \"Auth API - /api/v1/auth\"",
              "timedOut": false,
              "duration": 15,
              "state": null,
              "speed": null,
              "pass": false,
              "fail": false,
              "pending": false,
              "context": null,
              "code": "await User.deleteMany({});",
              "err": {},
              "uuid": "a3f424f2-f719-48b9-844c-0396f4e6d348",
              "parentUUID": "9c2e9a58-e0ac-4476-bf10-49c576c4bbac",
              "isHook": true,
              "skipped": false
            }
          ],
          "tests": [
            {
              "title": "deve registrar um usuário válido",
              "fullTitle": "Auth API - /api/v1/auth deve registrar um usuário válido",
              "timedOut": false,
              "duration": 314,
              "state": "passed",
              "speed": "slow",
              "pass": true,
              "fail": false,
              "pending": false,
              "context": null,
              "code": "const res = await request(app)\n  .post('/api/v1/auth/register')\n  .send({ name: 'Claudia', email: 'claudia@kpop.com', password: 'Test1234!' });\nexpect(res.status).to.equal(201);\nexpect(res.body).to.have.property('token');\nexpect(res.body.user).to.have.property('email', 'claudia@kpop.com');",
              "err": {},
              "uuid": "050b4ead-c5c6-43d4-be1f-22646a52aeae",
              "parentUUID": "9c2e9a58-e0ac-4476-bf10-49c576c4bbac",
              "isHook": false,
              "skipped": false
            },
            {
              "title": "não deve registrar com email duplicado",
              "fullTitle": "Auth API - /api/v1/auth não deve registrar com email duplicado",
              "timedOut": false,
              "duration": 72,
              "state": "passed",
              "speed": "medium",
              "pass": true,
              "fail": false,
              "pending": false,
              "context": null,
              "code": "const res = await request(app)\n  .post('/api/v1/auth/register')\n  .send({ name: 'Claudia', email: 'claudia@kpop.com', password: 'Test1234!' });\nexpect(res.status).to.equal(409);",
              "err": {},
              "uuid": "095764d2-b9d5-4c2a-8b12-12892fe5c5e0",
              "parentUUID": "9c2e9a58-e0ac-4476-bf10-49c576c4bbac",
              "isHook": false,
              "skipped": false
            },
            {
              "title": "não deve registrar sem campos obrigatórios",
              "fullTitle": "Auth API - /api/v1/auth não deve registrar sem campos obrigatórios",
              "timedOut": false,
              "duration": 10,
              "state": "passed",
              "speed": "fast",
              "pass": true,
              "fail": false,
              "pending": false,
              "context": null,
              "code": "const res = await request(app)\n  .post('/api/v1/auth/register')\n  .send({ email: 'sem@nome.com' });\nexpect(res.status).to.equal(400);",
              "err": {},
              "uuid": "6f1bcc6f-3754-4c94-908f-1a87fbdc5289",
              "parentUUID": "9c2e9a58-e0ac-4476-bf10-49c576c4bbac",
              "isHook": false,
              "skipped": false
            },
            {
              "title": "não deve registrar com email inválido",
              "fullTitle": "Auth API - /api/v1/auth não deve registrar com email inválido",
              "timedOut": false,
              "duration": 33,
              "state": "passed",
              "speed": "fast",
              "pass": true,
              "fail": false,
              "pending": false,
              "context": null,
              "code": "const res = await request(app)\n  .post('/api/v1/auth/register')\n  .send({ name: 'Test', email: 'emailinvalido', password: 'Test1234!' });\nexpect(res.status).to.equal(400);",
              "err": {},
              "uuid": "ad3c3876-c6d9-403b-ac42-30984dd00471",
              "parentUUID": "9c2e9a58-e0ac-4476-bf10-49c576c4bbac",
              "isHook": false,
              "skipped": false
            },
            {
              "title": "não deve registrar com senha fraca",
              "fullTitle": "Auth API - /api/v1/auth não deve registrar com senha fraca",
              "timedOut": false,
              "duration": 43,
              "state": "passed",
              "speed": "medium",
              "pass": true,
              "fail": false,
              "pending": false,
              "context": null,
              "code": "const res = await request(app)\n  .post('/api/v1/auth/register')\n  .send({ name: 'Test', email: 'test2@kpop.com', password: '123' });\nexpect(res.status).to.equal(400);",
              "err": {},
              "uuid": "5c369e86-0976-4592-85c8-174668281b1a",
              "parentUUID": "9c2e9a58-e0ac-4476-bf10-49c576c4bbac",
              "isHook": false,
              "skipped": false
            },
            {
              "title": "deve fazer login com credenciais válidas",
              "fullTitle": "Auth API - /api/v1/auth deve fazer login com credenciais válidas",
              "timedOut": false,
              "duration": 193,
              "state": "passed",
              "speed": "slow",
              "pass": true,
              "fail": false,
              "pending": false,
              "context": null,
              "code": "const res = await request(app)\n  .post('/api/v1/auth/login')\n  .send({ email: 'claudia@kpop.com', password: 'Test1234!' });\nexpect(res.status).to.equal(200);\nexpect(res.body).to.have.property('token');",
              "err": {},
              "uuid": "af83d2fe-7ab0-4ede-b881-fea5dc15cc6e",
              "parentUUID": "9c2e9a58-e0ac-4476-bf10-49c576c4bbac",
              "isHook": false,
              "skipped": false
            },
            {
              "title": "não deve fazer login com senha errada",
              "fullTitle": "Auth API - /api/v1/auth não deve fazer login com senha errada",
              "timedOut": false,
              "duration": 163,
              "state": "passed",
              "speed": "slow",
              "pass": true,
              "fail": false,
              "pending": false,
              "context": null,
              "code": "const res = await request(app)\n  .post('/api/v1/auth/login')\n  .send({ email: 'claudia@kpop.com', password: 'SenhaErrada1!' });\nexpect(res.status).to.equal(401);",
              "err": {},
              "uuid": "b62a12c2-2b87-46f8-9ae7-7e99de7dc4a5",
              "parentUUID": "9c2e9a58-e0ac-4476-bf10-49c576c4bbac",
              "isHook": false,
              "skipped": false
            },
            {
              "title": "não deve fazer login com email inexistente",
              "fullTitle": "Auth API - /api/v1/auth não deve fazer login com email inexistente",
              "timedOut": false,
              "duration": 33,
              "state": "passed",
              "speed": "fast",
              "pass": true,
              "fail": false,
              "pending": false,
              "context": null,
              "code": "const res = await request(app)\n  .post('/api/v1/auth/login')\n  .send({ email: 'naoexiste@kpop.com', password: 'Test1234!' });\nexpect(res.status).to.equal(401);",
              "err": {},
              "uuid": "23cae104-564a-4a43-95ee-18a551fbc012",
              "parentUUID": "9c2e9a58-e0ac-4476-bf10-49c576c4bbac",
              "isHook": false,
              "skipped": false
            },
            {
              "title": "não deve fazer login com body vazio",
              "fullTitle": "Auth API - /api/v1/auth não deve fazer login com body vazio",
              "timedOut": false,
              "duration": 13,
              "state": "passed",
              "speed": "fast",
              "pass": true,
              "fail": false,
              "pending": false,
              "context": null,
              "code": "const res = await request(app)\n  .post('/api/v1/auth/login')\n  .send({});\nexpect(res.status).to.equal(400);",
              "err": {},
              "uuid": "8bcdf134-8c0b-4957-a3ef-b38688aae01e",
              "parentUUID": "9c2e9a58-e0ac-4476-bf10-49c576c4bbac",
              "isHook": false,
              "skipped": false
            },
            {
              "title": "deve retornar dados do usuário autenticado",
              "fullTitle": "Auth API - /api/v1/auth deve retornar dados do usuário autenticado",
              "timedOut": false,
              "duration": 194,
              "state": "passed",
              "speed": "slow",
              "pass": true,
              "fail": false,
              "pending": false,
              "context": null,
              "code": "const login = await request(app)\n  .post('/api/v1/auth/login')\n  .send({ email: 'claudia@kpop.com', password: 'Test1234!' });\nconst res = await request(app)\n  .get('/api/v1/auth/me')\n  .set('Authorization', `Bearer ${login.body.token}`);\nexpect(res.status).to.equal(200);\nexpect(res.body.user).to.have.property('email', 'claudia@kpop.com');",
              "err": {},
              "uuid": "0640dd50-8307-4dfb-905e-cd80f2d44b62",
              "parentUUID": "9c2e9a58-e0ac-4476-bf10-49c576c4bbac",
              "isHook": false,
              "skipped": false
            },
            {
              "title": "não deve retornar /me sem token",
              "fullTitle": "Auth API - /api/v1/auth não deve retornar /me sem token",
              "timedOut": false,
              "duration": 11,
              "state": "passed",
              "speed": "fast",
              "pass": true,
              "fail": false,
              "pending": false,
              "context": null,
              "code": "const res = await request(app)\n  .get('/api/v1/auth/me');\nexpect(res.status).to.equal(401);",
              "err": {},
              "uuid": "90b4fa67-8460-486e-b01b-53ec0f85d1e9",
              "parentUUID": "9c2e9a58-e0ac-4476-bf10-49c576c4bbac",
              "isHook": false,
              "skipped": false
            }
          ],
          "suites": [],
          "passes": [
            "050b4ead-c5c6-43d4-be1f-22646a52aeae",
            "095764d2-b9d5-4c2a-8b12-12892fe5c5e0",
            "6f1bcc6f-3754-4c94-908f-1a87fbdc5289",
            "ad3c3876-c6d9-403b-ac42-30984dd00471",
            "5c369e86-0976-4592-85c8-174668281b1a",
            "af83d2fe-7ab0-4ede-b881-fea5dc15cc6e",
            "b62a12c2-2b87-46f8-9ae7-7e99de7dc4a5",
            "23cae104-564a-4a43-95ee-18a551fbc012",
            "8bcdf134-8c0b-4957-a3ef-b38688aae01e",
            "0640dd50-8307-4dfb-905e-cd80f2d44b62",
            "90b4fa67-8460-486e-b01b-53ec0f85d1e9"
          ],
          "failures": [],
          "pending": [],
          "skipped": [],
          "duration": 1079,
          "root": false,
          "rootEmpty": false,
          "_timeout": 10000
        },
        {
          "uuid": "a0b4e6b5-7369-4b87-97b9-041fd1ef7a8b",
          "title": "Events API - /api/v1/events",
          "fullFile": "C:\\Projetos\\kpop-events-finder-api\\test\\integration\\events.test.js",
          "file": "\\test\\integration\\events.test.js",
          "beforeHooks": [
            {
              "title": "\"before all\" hook in \"Events API - /api/v1/events\"",
              "fullTitle": "Events API - /api/v1/events \"before all\" hook in \"Events API - /api/v1/events\"",
              "timedOut": false,
              "duration": 540,
              "state": null,
              "speed": null,
              "pass": false,
              "fail": false,
              "pending": false,
              "context": null,
              "code": "if (mongoose.connection.readyState === 0) {\n  await mongoose.connect(process.env.MONGODB_URI_TEST || process.env.MONGODB_URI);\n}\nawait Event.deleteMany({});\ntoken = await getToken();",
              "err": {},
              "uuid": "2ba1c411-a57f-4203-80eb-90067cab5c55",
              "parentUUID": "a0b4e6b5-7369-4b87-97b9-041fd1ef7a8b",
              "isHook": true,
              "skipped": false
            }
          ],
          "afterHooks": [
            {
              "title": "\"after all\" hook in \"Events API - /api/v1/events\"",
              "fullTitle": "Events API - /api/v1/events \"after all\" hook in \"Events API - /api/v1/events\"",
              "timedOut": false,
              "duration": 26,
              "state": null,
              "speed": null,
              "pass": false,
              "fail": false,
              "pending": false,
              "context": null,
              "code": "await Event.deleteMany({});",
              "err": {},
              "uuid": "d9c46d19-a03e-4b85-b4d3-7c4502f2b5bc",
              "parentUUID": "a0b4e6b5-7369-4b87-97b9-041fd1ef7a8b",
              "isHook": true,
              "skipped": false
            }
          ],
          "tests": [
            {
              "title": "deve criar um evento válido",
              "fullTitle": "Events API - /api/v1/events deve criar um evento válido",
              "timedOut": false,
              "duration": 58,
              "state": "passed",
              "speed": "medium",
              "pass": true,
              "fail": false,
              "pending": false,
              "context": null,
              "code": "const res = await request(app)\n  .post('/api/v1/events')\n  .set('Authorization', `Bearer ${token}`)\n  .send(validEvent);\nexpect(res.status).to.equal(201);\nexpect(res.body).to.have.property('name', validEvent.name);",
              "err": {},
              "uuid": "cc14fc70-be43-4d1c-b564-13a884a4dfdc",
              "parentUUID": "a0b4e6b5-7369-4b87-97b9-041fd1ef7a8b",
              "isHook": false,
              "skipped": false
            },
            {
              "title": "não deve criar evento sem token",
              "fullTitle": "Events API - /api/v1/events não deve criar evento sem token",
              "timedOut": false,
              "duration": 6,
              "state": "passed",
              "speed": "fast",
              "pass": true,
              "fail": false,
              "pending": false,
              "context": null,
              "code": "const res = await request(app)\n  .post('/api/v1/events')\n  .send(validEvent);\nexpect(res.status).to.equal(401);",
              "err": {},
              "uuid": "e47f7d31-7ff2-4660-83ea-8dd5795fcdc6",
              "parentUUID": "a0b4e6b5-7369-4b87-97b9-041fd1ef7a8b",
              "isHook": false,
              "skipped": false
            },
            {
              "title": "não deve criar evento sem campos obrigatórios",
              "fullTitle": "Events API - /api/v1/events não deve criar evento sem campos obrigatórios",
              "timedOut": false,
              "duration": 36,
              "state": "passed",
              "speed": "fast",
              "pass": true,
              "fail": false,
              "pending": false,
              "context": null,
              "code": "const res = await request(app)\n  .post('/api/v1/events')\n  .set('Authorization', `Bearer ${token}`)\n  .send({ name: 'Evento Incompleto' });\nexpect(res.status).to.equal(400);",
              "err": {},
              "uuid": "c7fc429e-c5ed-4989-bf19-da0c5dd73cbd",
              "parentUUID": "a0b4e6b5-7369-4b87-97b9-041fd1ef7a8b",
              "isHook": false,
              "skipped": false
            },
            {
              "title": "não deve criar evento com country inválido",
              "fullTitle": "Events API - /api/v1/events não deve criar evento com country inválido",
              "timedOut": false,
              "duration": 18,
              "state": "passed",
              "speed": "fast",
              "pass": true,
              "fail": false,
              "pending": false,
              "context": null,
              "code": "const res = await request(app)\n  .post('/api/v1/events')\n  .set('Authorization', `Bearer ${token}`)\n  .send({ ...validEvent, country: 'BRASIL' });\nexpect(res.status).to.equal(400);",
              "err": {},
              "uuid": "2c421a28-da6c-4e08-9c3e-0def018a7672",
              "parentUUID": "a0b4e6b5-7369-4b87-97b9-041fd1ef7a8b",
              "isHook": false,
              "skipped": false
            },
            {
              "title": "não deve criar evento duplicado",
              "fullTitle": "Events API - /api/v1/events não deve criar evento duplicado",
              "timedOut": false,
              "duration": 30,
              "state": "passed",
              "speed": "fast",
              "pass": true,
              "fail": false,
              "pending": false,
              "context": null,
              "code": "const res = await request(app)\n  .post('/api/v1/events')\n  .set('Authorization', `Bearer ${token}`)\n  .send(validEvent);\nexpect(res.status).to.equal(409);",
              "err": {},
              "uuid": "43270439-87a1-4938-b114-50e46a2924d0",
              "parentUUID": "a0b4e6b5-7369-4b87-97b9-041fd1ef7a8b",
              "isHook": false,
              "skipped": false
            },
            {
              "title": "deve listar eventos com autenticação",
              "fullTitle": "Events API - /api/v1/events deve listar eventos com autenticação",
              "timedOut": false,
              "duration": 49,
              "state": "passed",
              "speed": "medium",
              "pass": true,
              "fail": false,
              "pending": false,
              "context": null,
              "code": "const res = await request(app)\n  .get('/api/v1/events')\n  .set('Authorization', `Bearer ${token}`);\nexpect(res.status).to.equal(200);\nexpect(res.body).to.be.an('array');\nexpect(res.body.length).to.be.greaterThan(0);",
              "err": {},
              "uuid": "36488117-65b6-40d9-a465-d959aaf85f69",
              "parentUUID": "a0b4e6b5-7369-4b87-97b9-041fd1ef7a8b",
              "isHook": false,
              "skipped": false
            },
            {
              "title": "não deve listar eventos sem token",
              "fullTitle": "Events API - /api/v1/events não deve listar eventos sem token",
              "timedOut": false,
              "duration": 5,
              "state": "passed",
              "speed": "fast",
              "pass": true,
              "fail": false,
              "pending": false,
              "context": null,
              "code": "const res = await request(app)\n  .get('/api/v1/events');\nexpect(res.status).to.equal(401);",
              "err": {},
              "uuid": "c4aa471b-0401-4082-af09-f44b95cb3a87",
              "parentUUID": "a0b4e6b5-7369-4b87-97b9-041fd1ef7a8b",
              "isHook": false,
              "skipped": false
            },
            {
              "title": "deve buscar um evento por ID válido",
              "fullTitle": "Events API - /api/v1/events deve buscar um evento por ID válido",
              "timedOut": false,
              "duration": 107,
              "state": "passed",
              "speed": "slow",
              "pass": true,
              "fail": false,
              "pending": false,
              "context": null,
              "code": "const created = await request(app)\n  .post('/api/v1/events')\n  .set('Authorization', `Bearer ${token}`)\n  .send({ ...validEvent, name: 'Evento Busca ID', date: '2028-01-01T20:00:00.000Z' });\nconst res = await request(app)\n  .get(`/api/v1/events/${created.body._id}`)\n  .set('Authorization', `Bearer ${token}`);\nexpect(res.status).to.equal(200);\nexpect(res.body).to.have.property('name', 'Evento Busca ID');",
              "err": {},
              "uuid": "10407590-c8e3-45d0-8fc3-6ccc2aebf717",
              "parentUUID": "a0b4e6b5-7369-4b87-97b9-041fd1ef7a8b",
              "isHook": false,
              "skipped": false
            },
            {
              "title": "deve retornar 404 para ID inexistente",
              "fullTitle": "Events API - /api/v1/events deve retornar 404 para ID inexistente",
              "timedOut": false,
              "duration": 50,
              "state": "passed",
              "speed": "medium",
              "pass": true,
              "fail": false,
              "pending": false,
              "context": null,
              "code": "const res = await request(app)\n  .get('/api/v1/events/000000000000000000000000')\n  .set('Authorization', `Bearer ${token}`);\nexpect(res.status).to.equal(404);",
              "err": {},
              "uuid": "71ab7084-6dd6-4dd7-870f-c69302edf825",
              "parentUUID": "a0b4e6b5-7369-4b87-97b9-041fd1ef7a8b",
              "isHook": false,
              "skipped": false
            },
            {
              "title": "não deve buscar evento sem token",
              "fullTitle": "Events API - /api/v1/events não deve buscar evento sem token",
              "timedOut": false,
              "duration": 5,
              "state": "passed",
              "speed": "fast",
              "pass": true,
              "fail": false,
              "pending": false,
              "context": null,
              "code": "const res = await request(app)\n  .get('/api/v1/events/000000000000000000000000');\nexpect(res.status).to.equal(401);",
              "err": {},
              "uuid": "0c0ca772-ac6a-48cf-896a-59cc25d1fffa",
              "parentUUID": "a0b4e6b5-7369-4b87-97b9-041fd1ef7a8b",
              "isHook": false,
              "skipped": false
            },
            {
              "title": "deve atualizar um evento existente",
              "fullTitle": "Events API - /api/v1/events deve atualizar um evento existente",
              "timedOut": false,
              "duration": 120,
              "state": "passed",
              "speed": "slow",
              "pass": true,
              "fail": false,
              "pending": false,
              "context": null,
              "code": "const created = await request(app)\n  .post('/api/v1/events')\n  .set('Authorization', `Bearer ${token}`)\n  .send({ ...validEvent, name: 'Evento Para Atualizar', date: '2028-02-01T20:00:00.000Z' });\nconst res = await request(app)\n  .put(`/api/v1/events/${created.body._id}`)\n  .set('Authorization', `Bearer ${token}`)\n  .send({ venue: 'Novo Local Atualizado' });\nexpect(res.status).to.equal(200);\nexpect(res.body).to.have.property('venue', 'Novo Local Atualizado');",
              "err": {},
              "uuid": "f7146d40-6e4b-4504-bc46-983e936e817a",
              "parentUUID": "a0b4e6b5-7369-4b87-97b9-041fd1ef7a8b",
              "isHook": false,
              "skipped": false
            },
            {
              "title": "não deve atualizar evento com data no passado",
              "fullTitle": "Events API - /api/v1/events não deve atualizar evento com data no passado",
              "timedOut": false,
              "duration": 83,
              "state": "passed",
              "speed": "slow",
              "pass": true,
              "fail": false,
              "pending": false,
              "context": null,
              "code": "const created = await request(app)\n  .post('/api/v1/events')\n  .set('Authorization', `Bearer ${token}`)\n  .send({ ...validEvent, name: 'Evento Data Passado', date: '2028-03-01T20:00:00.000Z' });\nconst res = await request(app)\n  .put(`/api/v1/events/${created.body._id}`)\n  .set('Authorization', `Bearer ${token}`)\n  .send({ date: '2020-01-01T20:00:00.000Z' });\nexpect(res.status).to.equal(400);",
              "err": {},
              "uuid": "eafad4fb-861e-461e-aa44-692b9323de26",
              "parentUUID": "a0b4e6b5-7369-4b87-97b9-041fd1ef7a8b",
              "isHook": false,
              "skipped": false
            },
            {
              "title": "deve retornar 404 ao atualizar evento inexistente",
              "fullTitle": "Events API - /api/v1/events deve retornar 404 ao atualizar evento inexistente",
              "timedOut": false,
              "duration": 34,
              "state": "passed",
              "speed": "fast",
              "pass": true,
              "fail": false,
              "pending": false,
              "context": null,
              "code": "const res = await request(app)\n  .put('/api/v1/events/000000000000000000000000')\n  .set('Authorization', `Bearer ${token}`)\n  .send({ venue: 'Teste' });\nexpect(res.status).to.equal(404);",
              "err": {},
              "uuid": "0da7acb2-bce2-466a-bbce-eb6507510164",
              "parentUUID": "a0b4e6b5-7369-4b87-97b9-041fd1ef7a8b",
              "isHook": false,
              "skipped": false
            },
            {
              "title": "não deve atualizar evento sem token",
              "fullTitle": "Events API - /api/v1/events não deve atualizar evento sem token",
              "timedOut": false,
              "duration": 5,
              "state": "passed",
              "speed": "fast",
              "pass": true,
              "fail": false,
              "pending": false,
              "context": null,
              "code": "const res = await request(app)\n  .put('/api/v1/events/000000000000000000000000')\n  .send({ venue: 'Teste' });\nexpect(res.status).to.equal(401);",
              "err": {},
              "uuid": "1e242c90-0811-4262-9eaf-04052734f67e",
              "parentUUID": "a0b4e6b5-7369-4b87-97b9-041fd1ef7a8b",
              "isHook": false,
              "skipped": false
            }
          ],
          "suites": [],
          "passes": [
            "cc14fc70-be43-4d1c-b564-13a884a4dfdc",
            "e47f7d31-7ff2-4660-83ea-8dd5795fcdc6",
            "c7fc429e-c5ed-4989-bf19-da0c5dd73cbd",
            "2c421a28-da6c-4e08-9c3e-0def018a7672",
            "43270439-87a1-4938-b114-50e46a2924d0",
            "36488117-65b6-40d9-a465-d959aaf85f69",
            "c4aa471b-0401-4082-af09-f44b95cb3a87",
            "10407590-c8e3-45d0-8fc3-6ccc2aebf717",
            "71ab7084-6dd6-4dd7-870f-c69302edf825",
            "0c0ca772-ac6a-48cf-896a-59cc25d1fffa",
            "f7146d40-6e4b-4504-bc46-983e936e817a",
            "eafad4fb-861e-461e-aa44-692b9323de26",
            "0da7acb2-bce2-466a-bbce-eb6507510164",
            "1e242c90-0811-4262-9eaf-04052734f67e"
          ],
          "failures": [],
          "pending": [],
          "skipped": [],
          "duration": 606,
          "root": false,
          "rootEmpty": false,
          "_timeout": 10000
        }
      ],
      "passes": [],
      "failures": [],
      "pending": [],
      "skipped": [],
      "duration": 0,
      "root": true,
      "rootEmpty": true,
      "_timeout": 10000
    }
  ],
  "meta": {
    "mocha": {
      "version": "11.7.6"
    },
    "mochawesome": {
      "options": {
        "quiet": false,
        "reportFilename": "mochawesome",
        "saveHtml": true,
        "saveJson": true,
        "consoleReporter": "spec",
        "useInlineDiffs": false,
        "code": true
      },
      "version": "7.1.4"
    },
    "marge": {
      "options": {
        "reportDir": "mochawesome-report",
        "overwrite": "true",
        "html": "true",
        "json": "true"
      },
      "version": "6.3.2"
    }
  }
}