{
  "stats": {
    "suites": 2,
    "tests": 18,
    "passes": 18,
    "pending": 0,
    "failures": 0,
    "start": "2026-06-14T01:01:48.039Z",
    "end": "2026-06-14T01:01:49.810Z",
    "duration": 1771,
    "testsRegistered": 18,
    "passPercent": 100,
    "pendingPercent": 0,
    "other": 0,
    "hasOther": false,
    "skipped": 0,
    "hasSkipped": false
  },
  "results": [
    {
      "uuid": "4af163c7-aa3c-4325-bdc4-fee06ff4b553",
      "title": "",
      "fullFile": "",
      "file": "",
      "beforeHooks": [],
      "afterHooks": [],
      "tests": [],
      "suites": [
        {
          "uuid": "0eb21259-a6c5-44d5-a477-32ad71aea25a",
          "title": "Auth API - /api/v1/auth",
          "fullFile": "C:\\Projetos\\kpop-events-finder-api\\test\\integration\\auth.test.js",
          "file": "\\test\\integration\\auth.test.js",
          "beforeHooks": [
            {
              "title": "\"before all\" hook in \"Auth API - /api/v1/auth\"",
              "fullTitle": "Auth API - /api/v1/auth \"before all\" hook in \"Auth API - /api/v1/auth\"",
              "timedOut": false,
              "duration": 483,
              "state": null,
              "speed": null,
              "pass": false,
              "fail": false,
              "pending": false,
              "context": null,
              "code": "if (mongoose.connection.readyState === 0) {\n  await mongoose.connect(process.env.MONGODB_URI_TEST || process.env.MONGODB_URI);\n}\nawait User.deleteMany({});",
              "err": {},
              "uuid": "335e0f0a-44da-416a-b871-19fbe7932d24",
              "parentUUID": "0eb21259-a6c5-44d5-a477-32ad71aea25a",
              "isHook": true,
              "skipped": false
            }
          ],
          "afterHooks": [
            {
              "title": "\"after all\" hook in \"Auth API - /api/v1/auth\"",
              "fullTitle": "Auth API - /api/v1/auth \"after all\" hook in \"Auth API - /api/v1/auth\"",
              "timedOut": false,
              "duration": 13,
              "state": null,
              "speed": null,
              "pass": false,
              "fail": false,
              "pending": false,
              "context": null,
              "code": "await User.deleteMany({});",
              "err": {},
              "uuid": "9c9b2a1e-78d3-482f-8763-002d8628b89d",
              "parentUUID": "0eb21259-a6c5-44d5-a477-32ad71aea25a",
              "isHook": true,
              "skipped": false
            }
          ],
          "tests": [
            {
              "title": "deve registrar um usuário válido",
              "fullTitle": "Auth API - /api/v1/auth deve registrar um usuário válido",
              "timedOut": false,
              "duration": 236,
              "state": "passed",
              "speed": "slow",
              "pass": true,
              "fail": false,
              "pending": false,
              "context": null,
              "code": "const res = await request(app)\n  .post('/api/v1/auth/register')\n  .send({ name: 'Claudia', email: 'claudia@kpop.com', password: 'Test1234!' });\nexpect(res.status).to.equal(201);\nexpect(res.body).to.have.property('token');\nexpect(res.body.user).to.have.property('email', 'claudia@kpop.com');",
              "err": {},
              "uuid": "7544e7bc-3129-4e34-8a56-0330fda1bb06",
              "parentUUID": "0eb21259-a6c5-44d5-a477-32ad71aea25a",
              "isHook": false,
              "skipped": false
            },
            {
              "title": "não deve registrar com email duplicado",
              "fullTitle": "Auth API - /api/v1/auth não deve registrar com email duplicado",
              "timedOut": false,
              "duration": 53,
              "state": "passed",
              "speed": "medium",
              "pass": true,
              "fail": false,
              "pending": false,
              "context": null,
              "code": "const res = await request(app)\n  .post('/api/v1/auth/register')\n  .send({ name: 'Claudia', email: 'claudia@kpop.com', password: 'Test1234!' });\nexpect(res.status).to.equal(409);",
              "err": {},
              "uuid": "83c427aa-50b6-40b4-987c-6cbb5c339507",
              "parentUUID": "0eb21259-a6c5-44d5-a477-32ad71aea25a",
              "isHook": false,
              "skipped": false
            },
            {
              "title": "não deve registrar sem campos obrigatórios",
              "fullTitle": "Auth API - /api/v1/auth não deve registrar sem campos obrigatórios",
              "timedOut": false,
              "duration": 8,
              "state": "passed",
              "speed": "fast",
              "pass": true,
              "fail": false,
              "pending": false,
              "context": null,
              "code": "const res = await request(app)\n  .post('/api/v1/auth/register')\n  .send({ email: 'sem@nome.com' });\nexpect(res.status).to.equal(400);",
              "err": {},
              "uuid": "75141d5e-744b-41c8-bd6e-d0a424f8a5c8",
              "parentUUID": "0eb21259-a6c5-44d5-a477-32ad71aea25a",
              "isHook": false,
              "skipped": false
            },
            {
              "title": "não deve registrar com email inválido",
              "fullTitle": "Auth API - /api/v1/auth não deve registrar com email inválido",
              "timedOut": false,
              "duration": 22,
              "state": "passed",
              "speed": "fast",
              "pass": true,
              "fail": false,
              "pending": false,
              "context": null,
              "code": "const res = await request(app)\n  .post('/api/v1/auth/register')\n  .send({ name: 'Test', email: 'emailinvalido', password: 'Test1234!' });\nexpect(res.status).to.equal(400);",
              "err": {},
              "uuid": "2cee586e-e0ae-42c6-ba51-8acf5da46f4d",
              "parentUUID": "0eb21259-a6c5-44d5-a477-32ad71aea25a",
              "isHook": false,
              "skipped": false
            },
            {
              "title": "não deve registrar com senha fraca",
              "fullTitle": "Auth API - /api/v1/auth não deve registrar com senha fraca",
              "timedOut": false,
              "duration": 20,
              "state": "passed",
              "speed": "fast",
              "pass": true,
              "fail": false,
              "pending": false,
              "context": null,
              "code": "const res = await request(app)\n  .post('/api/v1/auth/register')\n  .send({ name: 'Test', email: 'test2@kpop.com', password: '123' });\nexpect(res.status).to.equal(400);",
              "err": {},
              "uuid": "ebc19038-0354-49ef-8bf6-565083bb29f9",
              "parentUUID": "0eb21259-a6c5-44d5-a477-32ad71aea25a",
              "isHook": false,
              "skipped": false
            },
            {
              "title": "deve fazer login com credenciais válidas",
              "fullTitle": "Auth API - /api/v1/auth deve fazer login com credenciais válidas",
              "timedOut": false,
              "duration": 122,
              "state": "passed",
              "speed": "slow",
              "pass": true,
              "fail": false,
              "pending": false,
              "context": null,
              "code": "const res = await request(app)\n  .post('/api/v1/auth/login')\n  .send({ email: 'claudia@kpop.com', password: 'Test1234!' });\nexpect(res.status).to.equal(200);\nexpect(res.body).to.have.property('token');",
              "err": {},
              "uuid": "cd8eb014-e269-4d74-b722-3a7d731dd431",
              "parentUUID": "0eb21259-a6c5-44d5-a477-32ad71aea25a",
              "isHook": false,
              "skipped": false
            },
            {
              "title": "não deve fazer login com senha errada",
              "fullTitle": "Auth API - /api/v1/auth não deve fazer login com senha errada",
              "timedOut": false,
              "duration": 116,
              "state": "passed",
              "speed": "slow",
              "pass": true,
              "fail": false,
              "pending": false,
              "context": null,
              "code": "const res = await request(app)\n  .post('/api/v1/auth/login')\n  .send({ email: 'claudia@kpop.com', password: 'SenhaErrada1!' });\nexpect(res.status).to.equal(401);",
              "err": {},
              "uuid": "b814f724-27ba-4e7e-9a55-e40cb42d1304",
              "parentUUID": "0eb21259-a6c5-44d5-a477-32ad71aea25a",
              "isHook": false,
              "skipped": false
            },
            {
              "title": "não deve fazer login com email inexistente",
              "fullTitle": "Auth API - /api/v1/auth não deve fazer login com email inexistente",
              "timedOut": false,
              "duration": 34,
              "state": "passed",
              "speed": "fast",
              "pass": true,
              "fail": false,
              "pending": false,
              "context": null,
              "code": "const res = await request(app)\n  .post('/api/v1/auth/login')\n  .send({ email: 'naoexiste@kpop.com', password: 'Test1234!' });\nexpect(res.status).to.equal(401);",
              "err": {},
              "uuid": "1c0f1d74-bd2e-4a25-ad50-32a29f81d49e",
              "parentUUID": "0eb21259-a6c5-44d5-a477-32ad71aea25a",
              "isHook": false,
              "skipped": false
            },
            {
              "title": "não deve fazer login com body vazio",
              "fullTitle": "Auth API - /api/v1/auth não deve fazer login com body vazio",
              "timedOut": false,
              "duration": 8,
              "state": "passed",
              "speed": "fast",
              "pass": true,
              "fail": false,
              "pending": false,
              "context": null,
              "code": "const res = await request(app)\n  .post('/api/v1/auth/login')\n  .send({});\nexpect(res.status).to.equal(400);",
              "err": {},
              "uuid": "c443b81b-ed1d-41b9-a978-43ea33720295",
              "parentUUID": "0eb21259-a6c5-44d5-a477-32ad71aea25a",
              "isHook": false,
              "skipped": false
            },
            {
              "title": "deve retornar dados do usuário autenticado",
              "fullTitle": "Auth API - /api/v1/auth deve retornar dados do usuário autenticado",
              "timedOut": false,
              "duration": 136,
              "state": "passed",
              "speed": "slow",
              "pass": true,
              "fail": false,
              "pending": false,
              "context": null,
              "code": "const login = await request(app)\n  .post('/api/v1/auth/login')\n  .send({ email: 'claudia@kpop.com', password: 'Test1234!' });\nconst res = await request(app)\n  .get('/api/v1/auth/me')\n  .set('Authorization', `Bearer ${login.body.token}`);\nexpect(res.status).to.equal(200);\nexpect(res.body.user).to.have.property('email', 'claudia@kpop.com');",
              "err": {},
              "uuid": "207e1885-58c4-4f7b-b5b2-4987197e889d",
              "parentUUID": "0eb21259-a6c5-44d5-a477-32ad71aea25a",
              "isHook": false,
              "skipped": false
            },
            {
              "title": "não deve retornar /me sem token",
              "fullTitle": "Auth API - /api/v1/auth não deve retornar /me sem token",
              "timedOut": false,
              "duration": 6,
              "state": "passed",
              "speed": "fast",
              "pass": true,
              "fail": false,
              "pending": false,
              "context": null,
              "code": "const res = await request(app)\n  .get('/api/v1/auth/me');\nexpect(res.status).to.equal(401);",
              "err": {},
              "uuid": "3637932b-ded8-4040-966a-68e438da5365",
              "parentUUID": "0eb21259-a6c5-44d5-a477-32ad71aea25a",
              "isHook": false,
              "skipped": false
            }
          ],
          "suites": [],
          "passes": [
            "7544e7bc-3129-4e34-8a56-0330fda1bb06",
            "83c427aa-50b6-40b4-987c-6cbb5c339507",
            "75141d5e-744b-41c8-bd6e-d0a424f8a5c8",
            "2cee586e-e0ae-42c6-ba51-8acf5da46f4d",
            "ebc19038-0354-49ef-8bf6-565083bb29f9",
            "cd8eb014-e269-4d74-b722-3a7d731dd431",
            "b814f724-27ba-4e7e-9a55-e40cb42d1304",
            "1c0f1d74-bd2e-4a25-ad50-32a29f81d49e",
            "c443b81b-ed1d-41b9-a978-43ea33720295",
            "207e1885-58c4-4f7b-b5b2-4987197e889d",
            "3637932b-ded8-4040-966a-68e438da5365"
          ],
          "failures": [],
          "pending": [],
          "skipped": [],
          "duration": 761,
          "root": false,
          "rootEmpty": false,
          "_timeout": 10000
        },
        {
          "uuid": "56036957-3206-47a0-8711-d915bc5bcaf4",
          "title": "Events API - /api/v1/events",
          "fullFile": "C:\\Projetos\\kpop-events-finder-api\\test\\integration\\events.test.js",
          "file": "\\test\\integration\\events.test.js",
          "beforeHooks": [
            {
              "title": "\"before all\" hook in \"Events API - /api/v1/events\"",
              "fullTitle": "Events API - /api/v1/events \"before all\" hook in \"Events API - /api/v1/events\"",
              "timedOut": false,
              "duration": 278,
              "state": null,
              "speed": null,
              "pass": false,
              "fail": false,
              "pending": false,
              "context": null,
              "code": "if (mongoose.connection.readyState === 0) {\n  await mongoose.connect(process.env.MONGODB_URI_TEST || process.env.MONGODB_URI);\n}\nawait Event.deleteMany({});\ntoken = await getToken();",
              "err": {},
              "uuid": "5d21cb07-fe8e-466f-97b5-634116a8999f",
              "parentUUID": "56036957-3206-47a0-8711-d915bc5bcaf4",
              "isHook": true,
              "skipped": false
            }
          ],
          "afterHooks": [
            {
              "title": "\"after all\" hook in \"Events API - /api/v1/events\"",
              "fullTitle": "Events API - /api/v1/events \"after all\" hook in \"Events API - /api/v1/events\"",
              "timedOut": false,
              "duration": 39,
              "state": null,
              "speed": null,
              "pass": false,
              "fail": false,
              "pending": false,
              "context": null,
              "code": "await Event.deleteMany({});",
              "err": {},
              "uuid": "e238a94a-8826-45b1-afe9-a053600081d3",
              "parentUUID": "56036957-3206-47a0-8711-d915bc5bcaf4",
              "isHook": true,
              "skipped": false
            }
          ],
          "tests": [
            {
              "title": "deve criar um evento válido",
              "fullTitle": "Events API - /api/v1/events deve criar um evento válido",
              "timedOut": false,
              "duration": 46,
              "state": "passed",
              "speed": "medium",
              "pass": true,
              "fail": false,
              "pending": false,
              "context": null,
              "code": "const res = await request(app)\n  .post('/api/v1/events')\n  .set('Authorization', `Bearer ${token}`)\n  .send(validEvent);\nexpect(res.status).to.equal(201);\nexpect(res.body).to.have.property('name', validEvent.name);",
              "err": {},
              "uuid": "2d090706-5e0a-4d0d-8901-5ea1dca1a840",
              "parentUUID": "56036957-3206-47a0-8711-d915bc5bcaf4",
              "isHook": false,
              "skipped": false
            },
            {
              "title": "não deve criar evento sem token",
              "fullTitle": "Events API - /api/v1/events não deve criar evento sem token",
              "timedOut": false,
              "duration": 6,
              "state": "passed",
              "speed": "fast",
              "pass": true,
              "fail": false,
              "pending": false,
              "context": null,
              "code": "const res = await request(app)\n  .post('/api/v1/events')\n  .send(validEvent);\nexpect(res.status).to.equal(401);",
              "err": {},
              "uuid": "004bf3a3-2fba-4571-b868-a9234adb7dc1",
              "parentUUID": "56036957-3206-47a0-8711-d915bc5bcaf4",
              "isHook": false,
              "skipped": false
            },
            {
              "title": "não deve criar evento sem campos obrigatórios",
              "fullTitle": "Events API - /api/v1/events não deve criar evento sem campos obrigatórios",
              "timedOut": false,
              "duration": 17,
              "state": "passed",
              "speed": "fast",
              "pass": true,
              "fail": false,
              "pending": false,
              "context": null,
              "code": "const res = await request(app)\n  .post('/api/v1/events')\n  .set('Authorization', `Bearer ${token}`)\n  .send({ name: 'Evento Incompleto' });\nexpect(res.status).to.equal(400);",
              "err": {},
              "uuid": "61ca0fd9-ecf2-41b0-9126-9551cccebdb1",
              "parentUUID": "56036957-3206-47a0-8711-d915bc5bcaf4",
              "isHook": false,
              "skipped": false
            },
            {
              "title": "não deve criar evento com country inválido",
              "fullTitle": "Events API - /api/v1/events não deve criar evento com country inválido",
              "timedOut": false,
              "duration": 20,
              "state": "passed",
              "speed": "fast",
              "pass": true,
              "fail": false,
              "pending": false,
              "context": null,
              "code": "const res = await request(app)\n  .post('/api/v1/events')\n  .set('Authorization', `Bearer ${token}`)\n  .send({ ...validEvent, country: 'BRASIL' });\nexpect(res.status).to.equal(400);",
              "err": {},
              "uuid": "cf33d1b6-01d9-4434-86d6-6377f0ceda6b",
              "parentUUID": "56036957-3206-47a0-8711-d915bc5bcaf4",
              "isHook": false,
              "skipped": false
            },
            {
              "title": "não deve criar evento duplicado",
              "fullTitle": "Events API - /api/v1/events não deve criar evento duplicado",
              "timedOut": false,
              "duration": 35,
              "state": "passed",
              "speed": "fast",
              "pass": true,
              "fail": false,
              "pending": false,
              "context": null,
              "code": "const res = await request(app)\n  .post('/api/v1/events')\n  .set('Authorization', `Bearer ${token}`)\n  .send(validEvent);\nexpect(res.status).to.equal(409);",
              "err": {},
              "uuid": "d3fbe727-28d4-4a4b-8ebf-19b20442d618",
              "parentUUID": "56036957-3206-47a0-8711-d915bc5bcaf4",
              "isHook": false,
              "skipped": false
            },
            {
              "title": "deve listar eventos com autenticação",
              "fullTitle": "Events API - /api/v1/events deve listar eventos com autenticação",
              "timedOut": false,
              "duration": 30,
              "state": "passed",
              "speed": "fast",
              "pass": true,
              "fail": false,
              "pending": false,
              "context": null,
              "code": "const res = await request(app)\n  .get('/api/v1/events')\n  .set('Authorization', `Bearer ${token}`);\nexpect(res.status).to.equal(200);\nexpect(res.body).to.be.an('array');\nexpect(res.body.length).to.be.greaterThan(0);",
              "err": {},
              "uuid": "c172bba9-6434-44d3-8391-dfac5191080c",
              "parentUUID": "56036957-3206-47a0-8711-d915bc5bcaf4",
              "isHook": false,
              "skipped": false
            },
            {
              "title": "não deve listar eventos sem token",
              "fullTitle": "Events API - /api/v1/events não deve listar eventos sem token",
              "timedOut": false,
              "duration": 10,
              "state": "passed",
              "speed": "fast",
              "pass": true,
              "fail": false,
              "pending": false,
              "context": null,
              "code": "const res = await request(app)\n  .get('/api/v1/events');\nexpect(res.status).to.equal(401);",
              "err": {},
              "uuid": "c3481073-2cfa-4bde-85bd-5c038861ed71",
              "parentUUID": "56036957-3206-47a0-8711-d915bc5bcaf4",
              "isHook": false,
              "skipped": false
            }
          ],
          "suites": [],
          "passes": [
            "2d090706-5e0a-4d0d-8901-5ea1dca1a840",
            "004bf3a3-2fba-4571-b868-a9234adb7dc1",
            "61ca0fd9-ecf2-41b0-9126-9551cccebdb1",
            "cf33d1b6-01d9-4434-86d6-6377f0ceda6b",
            "d3fbe727-28d4-4a4b-8ebf-19b20442d618",
            "c172bba9-6434-44d3-8391-dfac5191080c",
            "c3481073-2cfa-4bde-85bd-5c038861ed71"
          ],
          "failures": [],
          "pending": [],
          "skipped": [],
          "duration": 164,
          "root": false,
          "rootEmpty": false,
          "_timeout": 10000
        }
      ],
      "passes": [],
      "failures": [],
      "pending": [],
      "skipped": [],
      "duration": 0,
      "root": true,
      "rootEmpty": true,
      "_timeout": 10000
    }
  ],
  "meta": {
    "mocha": {
      "version": "11.7.6"
    },
    "mochawesome": {
      "options": {
        "quiet": false,
        "reportFilename": "mochawesome",
        "saveHtml": true,
        "saveJson": true,
        "consoleReporter": "spec",
        "useInlineDiffs": false,
        "code": true
      },
      "version": "7.1.4"
    },
    "marge": {
      "options": {
        "reportDir": "mochawesome-report",
        "overwrite": "true",
        "html": "true",
        "json": "true"
      },
      "version": "6.3.2"
    }
  }
}